Drill report for necpc8801mkiisr.kicad_pcb
Created on Sun 25 Dec 2022 02:18:01 AM EST

Copper Layer Stackup:
    =============================================================
    L1 :  F.Cu                      front
    L2 :  B.Cu                      back


Drill file 'necpc8801mkiisr-PTH.drl' contains
    plated through holes:
    =============================================================
    T1  0.400mm  0.0157"  (568 holes)
    T2  0.900mm  0.0354"  (12 holes)
    T3  1.470mm  0.0579"  (380 holes)
    T4  2.000mm  0.0787"  (190 holes)
    T5  2.700mm  0.1063"  (1 hole)

    Total plated holes count 1151


Drill file 'necpc8801mkiisr-NPTH.drl' contains
    unplated through holes:
    =============================================================
    T1  1.750mm  0.0689"  (190 holes)
    T2  3.988mm  0.1570"  (95 holes)

    Total unplated holes count 285
